<?xml version="1.0" encoding="UTF-8"?>
<testng-results skipped="0" failed="0" ignored="0" total="1" passed="1">
  <reporter-output>
  </reporter-output>
  <suite name="Default suite" duration-ms="19914" started-at="2018-08-19T12:13:36Z" finished-at="2018-08-19T12:13:56Z">
    <groups>
    </groups>
    <test name="Default test" duration-ms="19914" started-at="2018-08-19T12:13:36Z" finished-at="2018-08-19T12:13:56Z">
      <class name="testing.automation.NewTest">
        <test-method status="PASS" signature="f()[pri:0, instance:testing.automation.NewTest@29ee9faa]" name="f" duration-ms="19811" started-at="2018-08-19T17:43:36Z" finished-at="2018-08-19T17:43:56Z">
          <reporter-output>
          </reporter-output>
        </test-method> <!-- f -->
      </class> <!-- testing.automation.NewTest -->
    </test> <!-- Default test -->
  </suite> <!-- Default suite -->
</testng-results>
