<?xml version="1.0" encoding="UTF-8"?>
<testng-results skipped="0" failed="0" ignored="0" total="1" passed="1">
  <reporter-output>
  </reporter-output>
  <suite name="Suite" duration-ms="29445" started-at="2018-08-19T12:30:44Z" finished-at="2018-08-19T12:31:14Z">
    <groups>
    </groups>
    <test name="Test" duration-ms="29445" started-at="2018-08-19T12:30:44Z" finished-at="2018-08-19T12:31:14Z">
      <class name="testing.automation.NewTest">
        <test-method status="PASS" signature="f()[pri:0, instance:testing.automation.NewTest@42d3bd8b]" name="f" duration-ms="29409" started-at="2018-08-19T18:00:44Z" finished-at="2018-08-19T18:01:14Z">
          <reporter-output>
          </reporter-output>
        </test-method> <!-- f -->
      </class> <!-- testing.automation.NewTest -->
    </test> <!-- Test -->
  </suite> <!-- Suite -->
</testng-results>
